Linked: (/home/anthony/ros_ws/devel/.private/baxter_maintenance_msgs/lib/pkgconfig/baxter_maintenance_msgs.pc, /home/anthony/ros_ws/devel/lib/pkgconfig/baxter_maintenance_msgs.pc)
Linked: (/home/anthony/ros_ws/devel/.private/baxter_maintenance_msgs/lib/python3/dist-packages/baxter_maintenance_msgs/__init__.py, /home/anthony/ros_ws/devel/lib/python3/dist-packages/baxter_maintenance_msgs/__init__.py)
Linked: (/home/anthony/ros_ws/devel/.private/baxter_maintenance_msgs/lib/python3/dist-packages/baxter_maintenance_msgs/msg/__init__.py, /home/anthony/ros_ws/devel/lib/python3/dist-packages/baxter_maintenance_msgs/msg/__init__.py)
Linked: (/home/anthony/ros_ws/devel/.private/baxter_maintenance_msgs/lib/python3/dist-packages/baxter_maintenance_msgs/msg/_CalibrateArmEnable.py, /home/anthony/ros_ws/devel/lib/python3/dist-packages/baxter_maintenance_msgs/msg/_CalibrateArmEnable.py)
Linked: (/home/anthony/ros_ws/devel/.private/baxter_maintenance_msgs/lib/python3/dist-packages/baxter_maintenance_msgs/msg/_UpdateStatus.py, /home/anthony/ros_ws/devel/lib/python3/dist-packages/baxter_maintenance_msgs/msg/_UpdateStatus.py)
Linked: (/home/anthony/ros_ws/devel/.private/baxter_maintenance_msgs/lib/python3/dist-packages/baxter_maintenance_msgs/msg/_TareEnable.py, /home/anthony/ros_ws/devel/lib/python3/dist-packages/baxter_maintenance_msgs/msg/_TareEnable.py)
Linked: (/home/anthony/ros_ws/devel/.private/baxter_maintenance_msgs/lib/python3/dist-packages/baxter_maintenance_msgs/msg/_UpdateSource.py, /home/anthony/ros_ws/devel/lib/python3/dist-packages/baxter_maintenance_msgs/msg/_UpdateSource.py)
Linked: (/home/anthony/ros_ws/devel/.private/baxter_maintenance_msgs/lib/python3/dist-packages/baxter_maintenance_msgs/msg/_TareData.py, /home/anthony/ros_ws/devel/lib/python3/dist-packages/baxter_maintenance_msgs/msg/_TareData.py)
Linked: (/home/anthony/ros_ws/devel/.private/baxter_maintenance_msgs/lib/python3/dist-packages/baxter_maintenance_msgs/msg/_CalibrateArmData.py, /home/anthony/ros_ws/devel/lib/python3/dist-packages/baxter_maintenance_msgs/msg/_CalibrateArmData.py)
Linked: (/home/anthony/ros_ws/devel/.private/baxter_maintenance_msgs/lib/python3/dist-packages/baxter_maintenance_msgs/msg/_UpdateSources.py, /home/anthony/ros_ws/devel/lib/python3/dist-packages/baxter_maintenance_msgs/msg/_UpdateSources.py)
Linked: (/home/anthony/ros_ws/devel/.private/baxter_maintenance_msgs/share/common-lisp/ros/baxter_maintenance_msgs/msg/TareEnable.lisp, /home/anthony/ros_ws/devel/share/common-lisp/ros/baxter_maintenance_msgs/msg/TareEnable.lisp)
Linked: (/home/anthony/ros_ws/devel/.private/baxter_maintenance_msgs/share/common-lisp/ros/baxter_maintenance_msgs/msg/_package_UpdateStatus.lisp, /home/anthony/ros_ws/devel/share/common-lisp/ros/baxter_maintenance_msgs/msg/_package_UpdateStatus.lisp)
Linked: (/home/anthony/ros_ws/devel/.private/baxter_maintenance_msgs/share/common-lisp/ros/baxter_maintenance_msgs/msg/baxter_maintenance_msgs-msg.asd, /home/anthony/ros_ws/devel/share/common-lisp/ros/baxter_maintenance_msgs/msg/baxter_maintenance_msgs-msg.asd)
Linked: (/home/anthony/ros_ws/devel/.private/baxter_maintenance_msgs/share/common-lisp/ros/baxter_maintenance_msgs/msg/_package_UpdateSources.lisp, /home/anthony/ros_ws/devel/share/common-lisp/ros/baxter_maintenance_msgs/msg/_package_UpdateSources.lisp)
Linked: (/home/anthony/ros_ws/devel/.private/baxter_maintenance_msgs/share/common-lisp/ros/baxter_maintenance_msgs/msg/_package_CalibrateArmEnable.lisp, /home/anthony/ros_ws/devel/share/common-lisp/ros/baxter_maintenance_msgs/msg/_package_CalibrateArmEnable.lisp)
Linked: (/home/anthony/ros_ws/devel/.private/baxter_maintenance_msgs/share/common-lisp/ros/baxter_maintenance_msgs/msg/CalibrateArmData.lisp, /home/anthony/ros_ws/devel/share/common-lisp/ros/baxter_maintenance_msgs/msg/CalibrateArmData.lisp)
Linked: (/home/anthony/ros_ws/devel/.private/baxter_maintenance_msgs/share/common-lisp/ros/baxter_maintenance_msgs/msg/_package_TareEnable.lisp, /home/anthony/ros_ws/devel/share/common-lisp/ros/baxter_maintenance_msgs/msg/_package_TareEnable.lisp)
Linked: (/home/anthony/ros_ws/devel/.private/baxter_maintenance_msgs/share/common-lisp/ros/baxter_maintenance_msgs/msg/_package_CalibrateArmData.lisp, /home/anthony/ros_ws/devel/share/common-lisp/ros/baxter_maintenance_msgs/msg/_package_CalibrateArmData.lisp)
Linked: (/home/anthony/ros_ws/devel/.private/baxter_maintenance_msgs/share/common-lisp/ros/baxter_maintenance_msgs/msg/_package_TareData.lisp, /home/anthony/ros_ws/devel/share/common-lisp/ros/baxter_maintenance_msgs/msg/_package_TareData.lisp)
Linked: (/home/anthony/ros_ws/devel/.private/baxter_maintenance_msgs/share/common-lisp/ros/baxter_maintenance_msgs/msg/_package_UpdateSource.lisp, /home/anthony/ros_ws/devel/share/common-lisp/ros/baxter_maintenance_msgs/msg/_package_UpdateSource.lisp)
Linked: (/home/anthony/ros_ws/devel/.private/baxter_maintenance_msgs/share/common-lisp/ros/baxter_maintenance_msgs/msg/TareData.lisp, /home/anthony/ros_ws/devel/share/common-lisp/ros/baxter_maintenance_msgs/msg/TareData.lisp)
Linked: (/home/anthony/ros_ws/devel/.private/baxter_maintenance_msgs/share/common-lisp/ros/baxter_maintenance_msgs/msg/UpdateStatus.lisp, /home/anthony/ros_ws/devel/share/common-lisp/ros/baxter_maintenance_msgs/msg/UpdateStatus.lisp)
Linked: (/home/anthony/ros_ws/devel/.private/baxter_maintenance_msgs/share/common-lisp/ros/baxter_maintenance_msgs/msg/_package.lisp, /home/anthony/ros_ws/devel/share/common-lisp/ros/baxter_maintenance_msgs/msg/_package.lisp)
Linked: (/home/anthony/ros_ws/devel/.private/baxter_maintenance_msgs/share/common-lisp/ros/baxter_maintenance_msgs/msg/CalibrateArmEnable.lisp, /home/anthony/ros_ws/devel/share/common-lisp/ros/baxter_maintenance_msgs/msg/CalibrateArmEnable.lisp)
Linked: (/home/anthony/ros_ws/devel/.private/baxter_maintenance_msgs/share/common-lisp/ros/baxter_maintenance_msgs/msg/UpdateSource.lisp, /home/anthony/ros_ws/devel/share/common-lisp/ros/baxter_maintenance_msgs/msg/UpdateSource.lisp)
Linked: (/home/anthony/ros_ws/devel/.private/baxter_maintenance_msgs/share/common-lisp/ros/baxter_maintenance_msgs/msg/UpdateSources.lisp, /home/anthony/ros_ws/devel/share/common-lisp/ros/baxter_maintenance_msgs/msg/UpdateSources.lisp)
Linked: (/home/anthony/ros_ws/devel/.private/baxter_maintenance_msgs/share/gennodejs/ros/baxter_maintenance_msgs/_index.js, /home/anthony/ros_ws/devel/share/gennodejs/ros/baxter_maintenance_msgs/_index.js)
Linked: (/home/anthony/ros_ws/devel/.private/baxter_maintenance_msgs/share/gennodejs/ros/baxter_maintenance_msgs/msg/TareData.js, /home/anthony/ros_ws/devel/share/gennodejs/ros/baxter_maintenance_msgs/msg/TareData.js)
Linked: (/home/anthony/ros_ws/devel/.private/baxter_maintenance_msgs/share/gennodejs/ros/baxter_maintenance_msgs/msg/UpdateSource.js, /home/anthony/ros_ws/devel/share/gennodejs/ros/baxter_maintenance_msgs/msg/UpdateSource.js)
Linked: (/home/anthony/ros_ws/devel/.private/baxter_maintenance_msgs/share/gennodejs/ros/baxter_maintenance_msgs/msg/TareEnable.js, /home/anthony/ros_ws/devel/share/gennodejs/ros/baxter_maintenance_msgs/msg/TareEnable.js)
Linked: (/home/anthony/ros_ws/devel/.private/baxter_maintenance_msgs/share/gennodejs/ros/baxter_maintenance_msgs/msg/UpdateStatus.js, /home/anthony/ros_ws/devel/share/gennodejs/ros/baxter_maintenance_msgs/msg/UpdateStatus.js)
Linked: (/home/anthony/ros_ws/devel/.private/baxter_maintenance_msgs/share/gennodejs/ros/baxter_maintenance_msgs/msg/CalibrateArmData.js, /home/anthony/ros_ws/devel/share/gennodejs/ros/baxter_maintenance_msgs/msg/CalibrateArmData.js)
Linked: (/home/anthony/ros_ws/devel/.private/baxter_maintenance_msgs/share/gennodejs/ros/baxter_maintenance_msgs/msg/CalibrateArmEnable.js, /home/anthony/ros_ws/devel/share/gennodejs/ros/baxter_maintenance_msgs/msg/CalibrateArmEnable.js)
Linked: (/home/anthony/ros_ws/devel/.private/baxter_maintenance_msgs/share/gennodejs/ros/baxter_maintenance_msgs/msg/_index.js, /home/anthony/ros_ws/devel/share/gennodejs/ros/baxter_maintenance_msgs/msg/_index.js)
Linked: (/home/anthony/ros_ws/devel/.private/baxter_maintenance_msgs/share/gennodejs/ros/baxter_maintenance_msgs/msg/UpdateSources.js, /home/anthony/ros_ws/devel/share/gennodejs/ros/baxter_maintenance_msgs/msg/UpdateSources.js)
Linked: (/home/anthony/ros_ws/devel/.private/baxter_maintenance_msgs/share/roseus/ros/baxter_maintenance_msgs/manifest.l, /home/anthony/ros_ws/devel/share/roseus/ros/baxter_maintenance_msgs/manifest.l)
Linked: (/home/anthony/ros_ws/devel/.private/baxter_maintenance_msgs/share/roseus/ros/baxter_maintenance_msgs/msg/CalibrateArmEnable.l, /home/anthony/ros_ws/devel/share/roseus/ros/baxter_maintenance_msgs/msg/CalibrateArmEnable.l)
Linked: (/home/anthony/ros_ws/devel/.private/baxter_maintenance_msgs/share/roseus/ros/baxter_maintenance_msgs/msg/TareData.l, /home/anthony/ros_ws/devel/share/roseus/ros/baxter_maintenance_msgs/msg/TareData.l)
Linked: (/home/anthony/ros_ws/devel/.private/baxter_maintenance_msgs/share/roseus/ros/baxter_maintenance_msgs/msg/CalibrateArmData.l, /home/anthony/ros_ws/devel/share/roseus/ros/baxter_maintenance_msgs/msg/CalibrateArmData.l)
Linked: (/home/anthony/ros_ws/devel/.private/baxter_maintenance_msgs/share/roseus/ros/baxter_maintenance_msgs/msg/UpdateStatus.l, /home/anthony/ros_ws/devel/share/roseus/ros/baxter_maintenance_msgs/msg/UpdateStatus.l)
Linked: (/home/anthony/ros_ws/devel/.private/baxter_maintenance_msgs/share/roseus/ros/baxter_maintenance_msgs/msg/UpdateSource.l, /home/anthony/ros_ws/devel/share/roseus/ros/baxter_maintenance_msgs/msg/UpdateSource.l)
Linked: (/home/anthony/ros_ws/devel/.private/baxter_maintenance_msgs/share/roseus/ros/baxter_maintenance_msgs/msg/UpdateSources.l, /home/anthony/ros_ws/devel/share/roseus/ros/baxter_maintenance_msgs/msg/UpdateSources.l)
Linked: (/home/anthony/ros_ws/devel/.private/baxter_maintenance_msgs/share/roseus/ros/baxter_maintenance_msgs/msg/TareEnable.l, /home/anthony/ros_ws/devel/share/roseus/ros/baxter_maintenance_msgs/msg/TareEnable.l)
Linked: (/home/anthony/ros_ws/devel/.private/baxter_maintenance_msgs/share/baxter_maintenance_msgs/cmake/baxter_maintenance_msgs-msg-extras.cmake, /home/anthony/ros_ws/devel/share/baxter_maintenance_msgs/cmake/baxter_maintenance_msgs-msg-extras.cmake)
Linked: (/home/anthony/ros_ws/devel/.private/baxter_maintenance_msgs/share/baxter_maintenance_msgs/cmake/baxter_maintenance_msgsConfig-version.cmake, /home/anthony/ros_ws/devel/share/baxter_maintenance_msgs/cmake/baxter_maintenance_msgsConfig-version.cmake)
Linked: (/home/anthony/ros_ws/devel/.private/baxter_maintenance_msgs/share/baxter_maintenance_msgs/cmake/baxter_maintenance_msgs-msg-paths.cmake, /home/anthony/ros_ws/devel/share/baxter_maintenance_msgs/cmake/baxter_maintenance_msgs-msg-paths.cmake)
Linked: (/home/anthony/ros_ws/devel/.private/baxter_maintenance_msgs/share/baxter_maintenance_msgs/cmake/baxter_maintenance_msgsConfig.cmake, /home/anthony/ros_ws/devel/share/baxter_maintenance_msgs/cmake/baxter_maintenance_msgsConfig.cmake)
Linked: (/home/anthony/ros_ws/devel/.private/baxter_maintenance_msgs/include/baxter_maintenance_msgs/TareEnable.h, /home/anthony/ros_ws/devel/include/baxter_maintenance_msgs/TareEnable.h)
Linked: (/home/anthony/ros_ws/devel/.private/baxter_maintenance_msgs/include/baxter_maintenance_msgs/UpdateSource.h, /home/anthony/ros_ws/devel/include/baxter_maintenance_msgs/UpdateSource.h)
Linked: (/home/anthony/ros_ws/devel/.private/baxter_maintenance_msgs/include/baxter_maintenance_msgs/CalibrateArmData.h, /home/anthony/ros_ws/devel/include/baxter_maintenance_msgs/CalibrateArmData.h)
Linked: (/home/anthony/ros_ws/devel/.private/baxter_maintenance_msgs/include/baxter_maintenance_msgs/UpdateSources.h, /home/anthony/ros_ws/devel/include/baxter_maintenance_msgs/UpdateSources.h)
Linked: (/home/anthony/ros_ws/devel/.private/baxter_maintenance_msgs/include/baxter_maintenance_msgs/UpdateStatus.h, /home/anthony/ros_ws/devel/include/baxter_maintenance_msgs/UpdateStatus.h)
Linked: (/home/anthony/ros_ws/devel/.private/baxter_maintenance_msgs/include/baxter_maintenance_msgs/CalibrateArmEnable.h, /home/anthony/ros_ws/devel/include/baxter_maintenance_msgs/CalibrateArmEnable.h)
Linked: (/home/anthony/ros_ws/devel/.private/baxter_maintenance_msgs/include/baxter_maintenance_msgs/TareData.h, /home/anthony/ros_ws/devel/include/baxter_maintenance_msgs/TareData.h)
