Symlinking /home/anthony/ros_ws/devel/lib/pkgconfig/baxter_maintenance_msgs.pc
Symlinking /home/anthony/ros_ws/devel/lib/python3/dist-packages/baxter_maintenance_msgs/__init__.py
Symlinking /home/anthony/ros_ws/devel/lib/python3/dist-packages/baxter_maintenance_msgs/msg/__init__.py
Symlinking /home/anthony/ros_ws/devel/lib/python3/dist-packages/baxter_maintenance_msgs/msg/_CalibrateArmEnable.py
Symlinking /home/anthony/ros_ws/devel/lib/python3/dist-packages/baxter_maintenance_msgs/msg/_UpdateStatus.py
Symlinking /home/anthony/ros_ws/devel/lib/python3/dist-packages/baxter_maintenance_msgs/msg/_TareEnable.py
Symlinking /home/anthony/ros_ws/devel/lib/python3/dist-packages/baxter_maintenance_msgs/msg/_UpdateSource.py
Symlinking /home/anthony/ros_ws/devel/lib/python3/dist-packages/baxter_maintenance_msgs/msg/_TareData.py
Symlinking /home/anthony/ros_ws/devel/lib/python3/dist-packages/baxter_maintenance_msgs/msg/_CalibrateArmData.py
Symlinking /home/anthony/ros_ws/devel/lib/python3/dist-packages/baxter_maintenance_msgs/msg/_UpdateSources.py
Symlinking /home/anthony/ros_ws/devel/share/common-lisp/ros/baxter_maintenance_msgs/msg/TareEnable.lisp
Symlinking /home/anthony/ros_ws/devel/share/common-lisp/ros/baxter_maintenance_msgs/msg/_package_UpdateStatus.lisp
Symlinking /home/anthony/ros_ws/devel/share/common-lisp/ros/baxter_maintenance_msgs/msg/baxter_maintenance_msgs-msg.asd
Symlinking /home/anthony/ros_ws/devel/share/common-lisp/ros/baxter_maintenance_msgs/msg/_package_UpdateSources.lisp
Symlinking /home/anthony/ros_ws/devel/share/common-lisp/ros/baxter_maintenance_msgs/msg/_package_CalibrateArmEnable.lisp
Symlinking /home/anthony/ros_ws/devel/share/common-lisp/ros/baxter_maintenance_msgs/msg/CalibrateArmData.lisp
Symlinking /home/anthony/ros_ws/devel/share/common-lisp/ros/baxter_maintenance_msgs/msg/_package_TareEnable.lisp
Symlinking /home/anthony/ros_ws/devel/share/common-lisp/ros/baxter_maintenance_msgs/msg/_package_CalibrateArmData.lisp
Symlinking /home/anthony/ros_ws/devel/share/common-lisp/ros/baxter_maintenance_msgs/msg/_package_TareData.lisp
Symlinking /home/anthony/ros_ws/devel/share/common-lisp/ros/baxter_maintenance_msgs/msg/_package_UpdateSource.lisp
Symlinking /home/anthony/ros_ws/devel/share/common-lisp/ros/baxter_maintenance_msgs/msg/TareData.lisp
Symlinking /home/anthony/ros_ws/devel/share/common-lisp/ros/baxter_maintenance_msgs/msg/UpdateStatus.lisp
Symlinking /home/anthony/ros_ws/devel/share/common-lisp/ros/baxter_maintenance_msgs/msg/_package.lisp
Symlinking /home/anthony/ros_ws/devel/share/common-lisp/ros/baxter_maintenance_msgs/msg/CalibrateArmEnable.lisp
Symlinking /home/anthony/ros_ws/devel/share/common-lisp/ros/baxter_maintenance_msgs/msg/UpdateSource.lisp
Symlinking /home/anthony/ros_ws/devel/share/common-lisp/ros/baxter_maintenance_msgs/msg/UpdateSources.lisp
Symlinking /home/anthony/ros_ws/devel/share/gennodejs/ros/baxter_maintenance_msgs/_index.js
Symlinking /home/anthony/ros_ws/devel/share/gennodejs/ros/baxter_maintenance_msgs/msg/TareData.js
Symlinking /home/anthony/ros_ws/devel/share/gennodejs/ros/baxter_maintenance_msgs/msg/UpdateSource.js
Symlinking /home/anthony/ros_ws/devel/share/gennodejs/ros/baxter_maintenance_msgs/msg/TareEnable.js
Symlinking /home/anthony/ros_ws/devel/share/gennodejs/ros/baxter_maintenance_msgs/msg/UpdateStatus.js
Symlinking /home/anthony/ros_ws/devel/share/gennodejs/ros/baxter_maintenance_msgs/msg/CalibrateArmData.js
Symlinking /home/anthony/ros_ws/devel/share/gennodejs/ros/baxter_maintenance_msgs/msg/CalibrateArmEnable.js
Symlinking /home/anthony/ros_ws/devel/share/gennodejs/ros/baxter_maintenance_msgs/msg/_index.js
Symlinking /home/anthony/ros_ws/devel/share/gennodejs/ros/baxter_maintenance_msgs/msg/UpdateSources.js
Symlinking /home/anthony/ros_ws/devel/share/roseus/ros/baxter_maintenance_msgs/manifest.l
Symlinking /home/anthony/ros_ws/devel/share/roseus/ros/baxter_maintenance_msgs/msg/CalibrateArmEnable.l
Symlinking /home/anthony/ros_ws/devel/share/roseus/ros/baxter_maintenance_msgs/msg/TareData.l
Symlinking /home/anthony/ros_ws/devel/share/roseus/ros/baxter_maintenance_msgs/msg/CalibrateArmData.l
Symlinking /home/anthony/ros_ws/devel/share/roseus/ros/baxter_maintenance_msgs/msg/UpdateStatus.l
Symlinking /home/anthony/ros_ws/devel/share/roseus/ros/baxter_maintenance_msgs/msg/UpdateSource.l
Symlinking /home/anthony/ros_ws/devel/share/roseus/ros/baxter_maintenance_msgs/msg/UpdateSources.l
Symlinking /home/anthony/ros_ws/devel/share/roseus/ros/baxter_maintenance_msgs/msg/TareEnable.l
Symlinking /home/anthony/ros_ws/devel/share/baxter_maintenance_msgs/cmake/baxter_maintenance_msgs-msg-extras.cmake
Symlinking /home/anthony/ros_ws/devel/share/baxter_maintenance_msgs/cmake/baxter_maintenance_msgsConfig-version.cmake
Symlinking /home/anthony/ros_ws/devel/share/baxter_maintenance_msgs/cmake/baxter_maintenance_msgs-msg-paths.cmake
Symlinking /home/anthony/ros_ws/devel/share/baxter_maintenance_msgs/cmake/baxter_maintenance_msgsConfig.cmake
Symlinking /home/anthony/ros_ws/devel/include/baxter_maintenance_msgs/TareEnable.h
Symlinking /home/anthony/ros_ws/devel/include/baxter_maintenance_msgs/UpdateSource.h
Symlinking /home/anthony/ros_ws/devel/include/baxter_maintenance_msgs/CalibrateArmData.h
Symlinking /home/anthony/ros_ws/devel/include/baxter_maintenance_msgs/UpdateSources.h
Symlinking /home/anthony/ros_ws/devel/include/baxter_maintenance_msgs/UpdateStatus.h
Symlinking /home/anthony/ros_ws/devel/include/baxter_maintenance_msgs/CalibrateArmEnable.h
Symlinking /home/anthony/ros_ws/devel/include/baxter_maintenance_msgs/TareData.h
