Not searching for unused variables given on the command line.
[36m--[0m The C compiler identification is GNU 5.4.0
[36m--[0m The CXX compiler identification is GNU 5.4.0
[36m--[0m Check for working C compiler: /usr/bin/cc
[36m--[0m Check for working C compiler: /usr/bin/cc -- works
[36m--[0m Detecting C compiler ABI info
[36m--[0m Detecting C compiler ABI info - done
[36m--[0m Detecting C compile features
[36m--[0m Detecting C compile features - done
[36m--[0m Check for working CXX compiler: /usr/bin/c++
[36m--[0m Check for working CXX compiler: /usr/bin/c++ -- works
[36m--[0m Detecting CXX compiler ABI info
[36m--[0m Detecting CXX compiler ABI info - done
[36m--[0m Detecting CXX compile features
[36m--[0m Detecting CXX compile features - done
[36m--[0m Using CATKIN_DEVEL_PREFIX: /home/anthony/ros_ws/devel/.private/moveit_tutorials
[36m--[0m Using CMAKE_PREFIX_PATH: /home/anthony/ros_ws/devel;/opt/ros/kinetic
[36m--[0m This workspace overlays: /home/anthony/ros_ws/devel;/opt/ros/kinetic
[36m--[0m Found PythonInterp: /home/anthony/anaconda3/bin/python (found version "3.6.3")
[36m--[0m Using PYTHON_EXECUTABLE: /home/anthony/anaconda3/bin/python
[36m--[0m Using Debian Python package layout
[36m--[0m Using empy: /usr/bin/empy
[36m--[0m Using CATKIN_ENABLE_TESTING: ON
[36m--[0m Call enable_testing()
[36m--[0m Using CATKIN_TEST_RESULTS_DIR: /home/anthony/ros_ws/build/moveit_tutorials/test_results
[36m--[0m Found gmock sources under '/usr/src/gmock': gmock will be built
[36m--[0m Looking for pthread.h
[36m--[0m Looking for pthread.h - found
[36m--[0m Looking for pthread_create
[36m--[0m Looking for pthread_create - not found
[36m--[0m Looking for pthread_create in pthreads
[36m--[0m Looking for pthread_create in pthreads - not found
[36m--[0m Looking for pthread_create in pthread
[36m--[0m Looking for pthread_create in pthread - found
[36m--[0m Found Threads: TRUE
[36m--[0m Found gtest sources under '/usr/src/gmock': gtests will be built
[36m--[0m Using Python nosetests: /home/anthony/anaconda3/bin/nosetests
[36m--[0m catkin 0.7.14
[36m--[0m Using these message generators: gencpp;geneus;genlisp;gennodejs;genpy
[36m--[0m Boost version: 1.58.0
[36m--[0m Found the following Boost libraries:
[36m--[0m   system
[36m--[0m   filesystem
[36m--[0m   date_time
[36m--[0m   thread
[36m--[0m   chrono
[36m--[0m   atomic
[36m--[0m Configuring done
[33m[1mCMake Warning[0m at /home/anthony/ros_ws/src/moveit_tutorials/doc/kinematics/CMakeLists.txt:1 (add_executable):
  Cannot generate a safe runtime search path for target ros_api_tutorial
  because files in some directories may conflict with libraries in implicit
  directories:

    runtime library [libz.so.1] in /usr/lib/x86_64-linux-gnu may be hidden by files in:
      /home/anthony/anaconda3/lib
    runtime library [libtiff.so.5] in /usr/lib/x86_64-linux-gnu may be hidden by files in:
      /home/anthony/anaconda3/lib
    runtime library [libfreetype.so.6] in /usr/lib/x86_64-linux-gnu may be hidden by files in:
      /home/anthony/anaconda3/lib
    runtime library [libexpat.so.1] in /usr/lib/x86_64-linux-gnu may be hidden by files in:
      /home/anthony/anaconda3/lib
    runtime library [libxml2.so.2] in /usr/lib/x86_64-linux-gnu may be hidden by files in:
      /home/anthony/anaconda3/lib

  Some of these libraries may not be found correctly.


[33m[1mCMake Warning[0m at /home/anthony/ros_ws/src/moveit_tutorials/doc/robot_model_and_robot_state/CMakeLists.txt:1 (add_executable):
  Cannot generate a safe runtime search path for target
  robot_model_and_robot_state_tutorial because files in some directories may
  conflict with libraries in implicit directories:

    runtime library [libz.so.1] in /usr/lib/x86_64-linux-gnu may be hidden by files in:
      /home/anthony/anaconda3/lib
    runtime library [libtiff.so.5] in /usr/lib/x86_64-linux-gnu may be hidden by files in:
      /home/anthony/anaconda3/lib
    runtime library [libfreetype.so.6] in /usr/lib/x86_64-linux-gnu may be hidden by files in:
      /home/anthony/anaconda3/lib
    runtime library [libexpat.so.1] in /usr/lib/x86_64-linux-gnu may be hidden by files in:
      /home/anthony/anaconda3/lib
    runtime library [libxml2.so.2] in /usr/lib/x86_64-linux-gnu may be hidden by files in:
      /home/anthony/anaconda3/lib

  Some of these libraries may not be found correctly.


[33m[1mCMake Warning[0m at /home/anthony/ros_ws/src/moveit_tutorials/doc/planning_scene/CMakeLists.txt:1 (add_executable):
  Cannot generate a safe runtime search path for target
  planning_scene_tutorial because files in some directories may conflict with
  libraries in implicit directories:

    runtime library [libz.so.1] in /usr/lib/x86_64-linux-gnu may be hidden by files in:
      /home/anthony/anaconda3/lib
    runtime library [libtiff.so.5] in /usr/lib/x86_64-linux-gnu may be hidden by files in:
      /home/anthony/anaconda3/lib
    runtime library [libfreetype.so.6] in /usr/lib/x86_64-linux-gnu may be hidden by files in:
      /home/anthony/anaconda3/lib
    runtime library [libexpat.so.1] in /usr/lib/x86_64-linux-gnu may be hidden by files in:
      /home/anthony/anaconda3/lib
    runtime library [libxml2.so.2] in /usr/lib/x86_64-linux-gnu may be hidden by files in:
      /home/anthony/anaconda3/lib

  Some of these libraries may not be found correctly.


[33m[1mCMake Warning[0m at /home/anthony/ros_ws/src/moveit_tutorials/doc/planning_scene_ros_api/CMakeLists.txt:1 (add_executable):
  Cannot generate a safe runtime search path for target
  planning_scene_ros_api_tutorial because files in some directories may
  conflict with libraries in implicit directories:

    runtime library [libz.so.1] in /usr/lib/x86_64-linux-gnu may be hidden by files in:
      /home/anthony/anaconda3/lib
    runtime library [libtiff.so.5] in /usr/lib/x86_64-linux-gnu may be hidden by files in:
      /home/anthony/anaconda3/lib
    runtime library [libfreetype.so.6] in /usr/lib/x86_64-linux-gnu may be hidden by files in:
      /home/anthony/anaconda3/lib
    runtime library [libexpat.so.1] in /usr/lib/x86_64-linux-gnu may be hidden by files in:
      /home/anthony/anaconda3/lib
    runtime library [libxml2.so.2] in /usr/lib/x86_64-linux-gnu may be hidden by files in:
      /home/anthony/anaconda3/lib

  Some of these libraries may not be found correctly.


[33m[1mCMake Warning[0m at /home/anthony/ros_ws/src/moveit_tutorials/doc/motion_planning_api/CMakeLists.txt:1 (add_executable):
  Cannot generate a safe runtime search path for target
  motion_planning_api_tutorial because files in some directories may conflict
  with libraries in implicit directories:

    runtime library [libz.so.1] in /usr/lib/x86_64-linux-gnu may be hidden by files in:
      /home/anthony/anaconda3/lib
    runtime library [libtiff.so.5] in /usr/lib/x86_64-linux-gnu may be hidden by files in:
      /home/anthony/anaconda3/lib
    runtime library [libfreetype.so.6] in /usr/lib/x86_64-linux-gnu may be hidden by files in:
      /home/anthony/anaconda3/lib
    runtime library [libexpat.so.1] in /usr/lib/x86_64-linux-gnu may be hidden by files in:
      /home/anthony/anaconda3/lib
    runtime library [libxml2.so.2] in /usr/lib/x86_64-linux-gnu may be hidden by files in:
      /home/anthony/anaconda3/lib

  Some of these libraries may not be found correctly.


[33m[1mCMake Warning[0m at /home/anthony/ros_ws/src/moveit_tutorials/doc/motion_planning_pipeline/CMakeLists.txt:1 (add_executable):
  Cannot generate a safe runtime search path for target
  motion_planning_pipeline_tutorial because files in some directories may
  conflict with libraries in implicit directories:

    runtime library [libz.so.1] in /usr/lib/x86_64-linux-gnu may be hidden by files in:
      /home/anthony/anaconda3/lib
    runtime library [libtiff.so.5] in /usr/lib/x86_64-linux-gnu may be hidden by files in:
      /home/anthony/anaconda3/lib
    runtime library [libfreetype.so.6] in /usr/lib/x86_64-linux-gnu may be hidden by files in:
      /home/anthony/anaconda3/lib
    runtime library [libexpat.so.1] in /usr/lib/x86_64-linux-gnu may be hidden by files in:
      /home/anthony/anaconda3/lib
    runtime library [libxml2.so.2] in /usr/lib/x86_64-linux-gnu may be hidden by files in:
      /home/anthony/anaconda3/lib

  Some of these libraries may not be found correctly.


[33m[1mCMake Warning[0m at /home/anthony/ros_ws/src/moveit_tutorials/doc/visualizing_collisions/CMakeLists.txt:1 (add_executable):
  Cannot generate a safe runtime search path for target
  visualizing_collisions_tutorial because files in some directories may
  conflict with libraries in implicit directories:

    runtime library [libz.so.1] in /usr/lib/x86_64-linux-gnu may be hidden by files in:
      /home/anthony/anaconda3/lib
    runtime library [libtiff.so.5] in /usr/lib/x86_64-linux-gnu may be hidden by files in:
      /home/anthony/anaconda3/lib
    runtime library [libfreetype.so.6] in /usr/lib/x86_64-linux-gnu may be hidden by files in:
      /home/anthony/anaconda3/lib
    runtime library [libexpat.so.1] in /usr/lib/x86_64-linux-gnu may be hidden by files in:
      /home/anthony/anaconda3/lib
    runtime library [libxml2.so.2] in /usr/lib/x86_64-linux-gnu may be hidden by files in:
      /home/anthony/anaconda3/lib

  Some of these libraries may not be found correctly.


[33m[1mCMake Warning[0m at /home/anthony/ros_ws/src/moveit_tutorials/doc/move_group_interface/CMakeLists.txt:1 (add_executable):
  Cannot generate a safe runtime search path for target
  move_group_interface_tutorial because files in some directories may
  conflict with libraries in implicit directories:

    runtime library [libz.so.1] in /usr/lib/x86_64-linux-gnu may be hidden by files in:
      /home/anthony/anaconda3/lib
    runtime library [libtiff.so.5] in /usr/lib/x86_64-linux-gnu may be hidden by files in:
      /home/anthony/anaconda3/lib
    runtime library [libfreetype.so.6] in /usr/lib/x86_64-linux-gnu may be hidden by files in:
      /home/anthony/anaconda3/lib
    runtime library [libexpat.so.1] in /usr/lib/x86_64-linux-gnu may be hidden by files in:
      /home/anthony/anaconda3/lib
    runtime library [libxml2.so.2] in /usr/lib/x86_64-linux-gnu may be hidden by files in:
      /home/anthony/anaconda3/lib

  Some of these libraries may not be found correctly.


[33m[1mCMake Warning[0m at /home/anthony/ros_ws/src/moveit_tutorials/doc/state_display/CMakeLists.txt:1 (add_executable):
  Cannot generate a safe runtime search path for target
  state_display_tutorial because files in some directories may conflict with
  libraries in implicit directories:

    runtime library [libz.so.1] in /usr/lib/x86_64-linux-gnu may be hidden by files in:
      /home/anthony/anaconda3/lib
    runtime library [libtiff.so.5] in /usr/lib/x86_64-linux-gnu may be hidden by files in:
      /home/anthony/anaconda3/lib
    runtime library [libfreetype.so.6] in /usr/lib/x86_64-linux-gnu may be hidden by files in:
      /home/anthony/anaconda3/lib
    runtime library [libexpat.so.1] in /usr/lib/x86_64-linux-gnu may be hidden by files in:
      /home/anthony/anaconda3/lib
    runtime library [libxml2.so.2] in /usr/lib/x86_64-linux-gnu may be hidden by files in:
      /home/anthony/anaconda3/lib

  Some of these libraries may not be found correctly.


[33m[1mCMake Warning[0m at /home/anthony/ros_ws/src/moveit_tutorials/doc/interactivity/CMakeLists.txt:3 (add_library):
  Cannot generate a safe runtime search path for target interactivity_utils
  because files in some directories may conflict with libraries in implicit
  directories:

    runtime library [libz.so.1] in /usr/lib/x86_64-linux-gnu may be hidden by files in:
      /home/anthony/anaconda3/lib
    runtime library [libtiff.so.5] in /usr/lib/x86_64-linux-gnu may be hidden by files in:
      /home/anthony/anaconda3/lib
    runtime library [libfreetype.so.6] in /usr/lib/x86_64-linux-gnu may be hidden by files in:
      /home/anthony/anaconda3/lib
    runtime library [libexpat.so.1] in /usr/lib/x86_64-linux-gnu may be hidden by files in:
      /home/anthony/anaconda3/lib
    runtime library [libxml2.so.2] in /usr/lib/x86_64-linux-gnu may be hidden by files in:
      /home/anthony/anaconda3/lib

  Some of these libraries may not be found correctly.


[33m[1mCMake Warning[0m at /home/anthony/ros_ws/src/moveit_tutorials/doc/pick_place/CMakeLists.txt:1 (add_executable):
  Cannot generate a safe runtime search path for target pick_place_tutorial
  because files in some directories may conflict with libraries in implicit
  directories:

    runtime library [libz.so.1] in /usr/lib/x86_64-linux-gnu may be hidden by files in:
      /home/anthony/anaconda3/lib
    runtime library [libtiff.so.5] in /usr/lib/x86_64-linux-gnu may be hidden by files in:
      /home/anthony/anaconda3/lib
    runtime library [libfreetype.so.6] in /usr/lib/x86_64-linux-gnu may be hidden by files in:
      /home/anthony/anaconda3/lib
    runtime library [libexpat.so.1] in /usr/lib/x86_64-linux-gnu may be hidden by files in:
      /home/anthony/anaconda3/lib
    runtime library [libxml2.so.2] in /usr/lib/x86_64-linux-gnu may be hidden by files in:
      /home/anthony/anaconda3/lib

  Some of these libraries may not be found correctly.


[33m[1mCMake Warning[0m at /home/anthony/ros_ws/src/moveit_tutorials/doc/perception_pipeline/CMakeLists.txt:1 (add_executable):
  Cannot generate a safe runtime search path for target cylinder_segment
  because files in some directories may conflict with libraries in implicit
  directories:

    runtime library [libz.so.1] in /usr/lib/x86_64-linux-gnu may be hidden by files in:
      /home/anthony/anaconda3/lib
    runtime library [libtiff.so.5] in /usr/lib/x86_64-linux-gnu may be hidden by files in:
      /home/anthony/anaconda3/lib
    runtime library [libfreetype.so.6] in /usr/lib/x86_64-linux-gnu may be hidden by files in:
      /home/anthony/anaconda3/lib
    runtime library [libexpat.so.1] in /usr/lib/x86_64-linux-gnu may be hidden by files in:
      /home/anthony/anaconda3/lib
    runtime library [libxml2.so.2] in /usr/lib/x86_64-linux-gnu may be hidden by files in:
      /home/anthony/anaconda3/lib

  Some of these libraries may not be found correctly.


[33m[1mCMake Warning[0m at /home/anthony/ros_ws/src/moveit_tutorials/doc/perception_pipeline/CMakeLists.txt:4 (add_executable):
  Cannot generate a safe runtime search path for target
  bag_publisher_maintain_time because files in some directories may conflict
  with libraries in implicit directories:

    runtime library [libz.so.1] in /usr/lib/x86_64-linux-gnu may be hidden by files in:
      /home/anthony/anaconda3/lib
    runtime library [libtiff.so.5] in /usr/lib/x86_64-linux-gnu may be hidden by files in:
      /home/anthony/anaconda3/lib
    runtime library [libfreetype.so.6] in /usr/lib/x86_64-linux-gnu may be hidden by files in:
      /home/anthony/anaconda3/lib
    runtime library [libexpat.so.1] in /usr/lib/x86_64-linux-gnu may be hidden by files in:
      /home/anthony/anaconda3/lib
    runtime library [libxml2.so.2] in /usr/lib/x86_64-linux-gnu may be hidden by files in:
      /home/anthony/anaconda3/lib

  Some of these libraries may not be found correctly.


[36m--[0m Generating done
[36m--[0m Build files have been written to: /home/anthony/ros_ws/build/moveit_tutorials
