/opt/ros/kinetic/lib/libresource_retriever.so: undefined reference to `curl_easy_setopt@CURL_OPENSSL_3'
/opt/ros/kinetic/lib/libresource_retriever.so: undefined reference to `curl_easy_perform@CURL_OPENSSL_3'
/opt/ros/kinetic/lib/libresource_retriever.so: undefined reference to `curl_easy_cleanup@CURL_OPENSSL_3'
/opt/ros/kinetic/lib/libresource_retriever.so: undefined reference to `curl_global_init@CURL_OPENSSL_3'
/opt/ros/kinetic/lib/libresource_retriever.so: undefined reference to `curl_easy_init@CURL_OPENSSL_3'
/opt/ros/kinetic/lib/libresource_retriever.so: undefined reference to `curl_global_cleanup@CURL_OPENSSL_3'
collect2: error: ld returned 1 exit status
make[2]: *** [/home/anthony/ros_ws/devel/.private/moveit_tutorials/lib/moveit_tutorials/robot_model_and_robot_state_tutorial] Error 1
make[1]: *** [doc/robot_model_and_robot_state/CMakeFiles/robot_model_and_robot_state_tutorial.dir/all] Error 2
make[1]: *** Waiting for unfinished jobs....
/opt/ros/kinetic/lib/libresource_retriever.so: undefined reference to `curl_easy_setopt@CURL_OPENSSL_3'
/opt/ros/kinetic/lib/libresource_retriever.so: undefined reference to `curl_easy_perform@CURL_OPENSSL_3'
/opt/ros/kinetic/lib/libresource_retriever.so: undefined reference to `curl_easy_cleanup@CURL_OPENSSL_3'
/opt/ros/kinetic/lib/libresource_retriever.so: undefined reference to `curl_global_init@CURL_OPENSSL_3'
/opt/ros/kinetic/lib/libresource_retriever.so: undefined reference to `curl_easy_init@CURL_OPENSSL_3'
/opt/ros/kinetic/lib/libresource_retriever.so: undefined reference to `curl_global_cleanup@CURL_OPENSSL_3'
collect2: error: ld returned 1 exit status
make[2]: *** [/home/anthony/ros_ws/devel/.private/moveit_tutorials/lib/moveit_tutorials/planning_scene_tutorial] Error 1
make[1]: *** [doc/planning_scene/CMakeFiles/planning_scene_tutorial.dir/all] Error 2
/opt/ros/kinetic/lib/libresource_retriever.so: undefined reference to `curl_easy_setopt@CURL_OPENSSL_3'
/opt/ros/kinetic/lib/libresource_retriever.so: undefined reference to `curl_easy_perform@CURL_OPENSSL_3'
/opt/ros/kinetic/lib/libresource_retriever.so: undefined reference to `curl_easy_cleanup@CURL_OPENSSL_3'
/opt/ros/kinetic/lib/libresource_retriever.so: undefined reference to `curl_global_init@CURL_OPENSSL_3'
/opt/ros/kinetic/lib/libresource_retriever.so: undefined reference to `curl_easy_init@CURL_OPENSSL_3'
/opt/ros/kinetic/lib/libresource_retriever.so: undefined reference to `curl_global_cleanup@CURL_OPENSSL_3'
collect2: error: ld returned 1 exit status
make[2]: *** [/home/anthony/ros_ws/devel/.private/moveit_tutorials/lib/moveit_tutorials/state_display_tutorial] Error 1
make[1]: *** [doc/state_display/CMakeFiles/state_display_tutorial.dir/all] Error 2
/opt/ros/kinetic/lib/libresource_retriever.so: undefined reference to `curl_easy_setopt@CURL_OPENSSL_3'
/opt/ros/kinetic/lib/libresource_retriever.so: undefined reference to `curl_easy_perform@CURL_OPENSSL_3'
/opt/ros/kinetic/lib/libresource_retriever.so: undefined reference to `curl_easy_cleanup@CURL_OPENSSL_3'
/opt/ros/kinetic/lib/libresource_retriever.so: undefined reference to `curl_global_init@CURL_OPENSSL_3'
/opt/ros/kinetic/lib/libresource_retriever.so: undefined reference to `curl_easy_init@CURL_OPENSSL_3'
/opt/ros/kinetic/lib/libresource_retriever.so: undefined reference to `curl_global_cleanup@CURL_OPENSSL_3'
collect2: error: ld returned 1 exit status
make[2]: *** [/home/anthony/ros_ws/devel/.private/moveit_tutorials/lib/moveit_tutorials/ros_api_tutorial] Error 1
make[1]: *** [doc/kinematics/CMakeFiles/ros_api_tutorial.dir/all] Error 2
/opt/ros/kinetic/lib/libresource_retriever.so: undefined reference to `curl_easy_setopt@CURL_OPENSSL_3'
/opt/ros/kinetic/lib/libresource_retriever.so: undefined reference to `curl_easy_perform@CURL_OPENSSL_3'
/opt/ros/kinetic/lib/libresource_retriever.so: undefined reference to `curl_easy_cleanup@CURL_OPENSSL_3'
/opt/ros/kinetic/lib/libresource_retriever.so: undefined reference to `curl_global_init@CURL_OPENSSL_3'
/opt/ros/kinetic/lib/libresource_retriever.so: undefined reference to `curl_easy_init@CURL_OPENSSL_3'
/opt/ros/kinetic/lib/libresource_retriever.so: undefined reference to `curl_global_cleanup@CURL_OPENSSL_3'
collect2: error: ld returned 1 exit status
make[2]: *** [/home/anthony/ros_ws/devel/.private/moveit_tutorials/lib/moveit_tutorials/pick_place_tutorial] Error 1
make[1]: *** [doc/pick_place/CMakeFiles/pick_place_tutorial.dir/all] Error 2
/opt/ros/kinetic/lib/libresource_retriever.so: undefined reference to `curl_easy_init@CURL_OPENSSL_3'
/opt/ros/kinetic/lib/libresource_retriever.so: undefined reference to `curl_easy_perform@CURL_OPENSSL_3'
/opt/ros/kinetic/lib/libresource_retriever.so: undefined reference to `curl_easy_setopt@CURL_OPENSSL_3'
/opt/ros/kinetic/lib/libresource_retriever.so: undefined reference to `curl_easy_cleanup@CURL_OPENSSL_3'
/opt/ros/kinetic/lib/libresource_retriever.so: undefined reference to `curl_global_cleanup@CURL_OPENSSL_3'
/home/anthony/anaconda3/lib/libpng16.so.16: undefined reference to `inflateValidate@ZLIB_1.2.9'
/opt/ros/kinetic/lib/libresource_retriever.so: undefined reference to `curl_global_init@CURL_OPENSSL_3'
collect2: error: ld returned 1 exit status
make[2]: *** [/home/anthony/ros_ws/devel/.private/moveit_tutorials/lib/moveit_tutorials/planning_scene_ros_api_tutorial] Error 1
make[1]: *** [doc/planning_scene_ros_api/CMakeFiles/planning_scene_ros_api_tutorial.dir/all] Error 2
/opt/ros/kinetic/lib/libresource_retriever.so: undefined reference to `curl_easy_init@CURL_OPENSSL_3'
/opt/ros/kinetic/lib/libresource_retriever.so: undefined reference to `curl_easy_perform@CURL_OPENSSL_3'
/opt/ros/kinetic/lib/libresource_retriever.so: undefined reference to `curl_easy_setopt@CURL_OPENSSL_3'
/opt/ros/kinetic/lib/libresource_retriever.so: undefined reference to `curl_easy_cleanup@CURL_OPENSSL_3'
/opt/ros/kinetic/lib/libresource_retriever.so: undefined reference to `curl_global_cleanup@CURL_OPENSSL_3'
/home/anthony/anaconda3/lib/libpng16.so.16: undefined reference to `inflateValidate@ZLIB_1.2.9'
/opt/ros/kinetic/lib/libresource_retriever.so: undefined reference to `curl_global_init@CURL_OPENSSL_3'
collect2: error: ld returned 1 exit status
make[2]: *** [/home/anthony/ros_ws/devel/.private/moveit_tutorials/lib/moveit_tutorials/move_group_interface_tutorial] Error 1
make[1]: *** [doc/move_group_interface/CMakeFiles/move_group_interface_tutorial.dir/all] Error 2
/opt/ros/kinetic/lib/libresource_retriever.so: undefined reference to `curl_easy_init@CURL_OPENSSL_3'
/opt/ros/kinetic/lib/libresource_retriever.so: undefined reference to `curl_easy_perform@CURL_OPENSSL_3'
/opt/ros/kinetic/lib/libresource_retriever.so: undefined reference to `curl_easy_setopt@CURL_OPENSSL_3'
/opt/ros/kinetic/lib/libresource_retriever.so: undefined reference to `curl_easy_cleanup@CURL_OPENSSL_3'
/opt/ros/kinetic/lib/libresource_retriever.so: undefined reference to `curl_global_cleanup@CURL_OPENSSL_3'
/home/anthony/anaconda3/lib/libpng16.so.16: undefined reference to `inflateValidate@ZLIB_1.2.9'
/opt/ros/kinetic/lib/libresource_retriever.so: undefined reference to `curl_global_init@CURL_OPENSSL_3'
collect2: error: ld returned 1 exit status
make[2]: *** [/home/anthony/ros_ws/devel/.private/moveit_tutorials/lib/moveit_tutorials/motion_planning_pipeline_tutorial] Error 1
make[1]: *** [doc/motion_planning_pipeline/CMakeFiles/motion_planning_pipeline_tutorial.dir/all] Error 2
/opt/ros/kinetic/lib/libresource_retriever.so: undefined reference to `curl_easy_init@CURL_OPENSSL_3'
/opt/ros/kinetic/lib/libresource_retriever.so: undefined reference to `curl_easy_perform@CURL_OPENSSL_3'
/opt/ros/kinetic/lib/libresource_retriever.so: undefined reference to `curl_easy_setopt@CURL_OPENSSL_3'
/opt/ros/kinetic/lib/libresource_retriever.so: undefined reference to `curl_easy_cleanup@CURL_OPENSSL_3'
/opt/ros/kinetic/lib/libresource_retriever.so: undefined reference to `curl_global_cleanup@CURL_OPENSSL_3'
/home/anthony/anaconda3/lib/libpng16.so.16: undefined reference to `inflateValidate@ZLIB_1.2.9'
/opt/ros/kinetic/lib/libresource_retriever.so: undefined reference to `curl_global_init@CURL_OPENSSL_3'
collect2: error: ld returned 1 exit status
make[2]: *** [/home/anthony/ros_ws/devel/.private/moveit_tutorials/lib/moveit_tutorials/motion_planning_api_tutorial] Error 1
make[1]: *** [doc/motion_planning_api/CMakeFiles/motion_planning_api_tutorial.dir/all] Error 2
make: *** [all] Error 2
