[33m[1mCMake Warning[0m at /home/anthony/ros_ws/src/moveit_tutorials/doc/kinematics/CMakeLists.txt:1 (add_executable):
  Cannot generate a safe runtime search path for target ros_api_tutorial
  because files in some directories may conflict with libraries in implicit
  directories:

    runtime library [libz.so.1] in /usr/lib/x86_64-linux-gnu may be hidden by files in:
      /home/anthony/anaconda3/lib
    runtime library [libtiff.so.5] in /usr/lib/x86_64-linux-gnu may be hidden by files in:
      /home/anthony/anaconda3/lib
    runtime library [libfreetype.so.6] in /usr/lib/x86_64-linux-gnu may be hidden by files in:
      /home/anthony/anaconda3/lib
    runtime library [libexpat.so.1] in /usr/lib/x86_64-linux-gnu may be hidden by files in:
      /home/anthony/anaconda3/lib
    runtime library [libxml2.so.2] in /usr/lib/x86_64-linux-gnu may be hidden by files in:
      /home/anthony/anaconda3/lib

  Some of these libraries may not be found correctly.


[33m[1mCMake Warning[0m at /home/anthony/ros_ws/src/moveit_tutorials/doc/robot_model_and_robot_state/CMakeLists.txt:1 (add_executable):
  Cannot generate a safe runtime search path for target
  robot_model_and_robot_state_tutorial because files in some directories may
  conflict with libraries in implicit directories:

    runtime library [libz.so.1] in /usr/lib/x86_64-linux-gnu may be hidden by files in:
      /home/anthony/anaconda3/lib
    runtime library [libtiff.so.5] in /usr/lib/x86_64-linux-gnu may be hidden by files in:
      /home/anthony/anaconda3/lib
    runtime library [libfreetype.so.6] in /usr/lib/x86_64-linux-gnu may be hidden by files in:
      /home/anthony/anaconda3/lib
    runtime library [libexpat.so.1] in /usr/lib/x86_64-linux-gnu may be hidden by files in:
      /home/anthony/anaconda3/lib
    runtime library [libxml2.so.2] in /usr/lib/x86_64-linux-gnu may be hidden by files in:
      /home/anthony/anaconda3/lib

  Some of these libraries may not be found correctly.


[33m[1mCMake Warning[0m at /home/anthony/ros_ws/src/moveit_tutorials/doc/planning_scene/CMakeLists.txt:1 (add_executable):
  Cannot generate a safe runtime search path for target
  planning_scene_tutorial because files in some directories may conflict with
  libraries in implicit directories:

    runtime library [libz.so.1] in /usr/lib/x86_64-linux-gnu may be hidden by files in:
      /home/anthony/anaconda3/lib
    runtime library [libtiff.so.5] in /usr/lib/x86_64-linux-gnu may be hidden by files in:
      /home/anthony/anaconda3/lib
    runtime library [libfreetype.so.6] in /usr/lib/x86_64-linux-gnu may be hidden by files in:
      /home/anthony/anaconda3/lib
    runtime library [libexpat.so.1] in /usr/lib/x86_64-linux-gnu may be hidden by files in:
      /home/anthony/anaconda3/lib
    runtime library [libxml2.so.2] in /usr/lib/x86_64-linux-gnu may be hidden by files in:
      /home/anthony/anaconda3/lib

  Some of these libraries may not be found correctly.


[33m[1mCMake Warning[0m at /home/anthony/ros_ws/src/moveit_tutorials/doc/planning_scene_ros_api/CMakeLists.txt:1 (add_executable):
  Cannot generate a safe runtime search path for target
  planning_scene_ros_api_tutorial because files in some directories may
  conflict with libraries in implicit directories:

    runtime library [libz.so.1] in /usr/lib/x86_64-linux-gnu may be hidden by files in:
      /home/anthony/anaconda3/lib
    runtime library [libtiff.so.5] in /usr/lib/x86_64-linux-gnu may be hidden by files in:
      /home/anthony/anaconda3/lib
    runtime library [libfreetype.so.6] in /usr/lib/x86_64-linux-gnu may be hidden by files in:
      /home/anthony/anaconda3/lib
    runtime library [libexpat.so.1] in /usr/lib/x86_64-linux-gnu may be hidden by files in:
      /home/anthony/anaconda3/lib
    runtime library [libxml2.so.2] in /usr/lib/x86_64-linux-gnu may be hidden by files in:
      /home/anthony/anaconda3/lib

  Some of these libraries may not be found correctly.


[33m[1mCMake Warning[0m at /home/anthony/ros_ws/src/moveit_tutorials/doc/motion_planning_api/CMakeLists.txt:1 (add_executable):
  Cannot generate a safe runtime search path for target
  motion_planning_api_tutorial because files in some directories may conflict
  with libraries in implicit directories:

    runtime library [libz.so.1] in /usr/lib/x86_64-linux-gnu may be hidden by files in:
      /home/anthony/anaconda3/lib
    runtime library [libtiff.so.5] in /usr/lib/x86_64-linux-gnu may be hidden by files in:
      /home/anthony/anaconda3/lib
    runtime library [libfreetype.so.6] in /usr/lib/x86_64-linux-gnu may be hidden by files in:
      /home/anthony/anaconda3/lib
    runtime library [libexpat.so.1] in /usr/lib/x86_64-linux-gnu may be hidden by files in:
      /home/anthony/anaconda3/lib
    runtime library [libxml2.so.2] in /usr/lib/x86_64-linux-gnu may be hidden by files in:
      /home/anthony/anaconda3/lib

  Some of these libraries may not be found correctly.


[33m[1mCMake Warning[0m at /home/anthony/ros_ws/src/moveit_tutorials/doc/motion_planning_pipeline/CMakeLists.txt:1 (add_executable):
  Cannot generate a safe runtime search path for target
  motion_planning_pipeline_tutorial because files in some directories may
  conflict with libraries in implicit directories:

    runtime library [libz.so.1] in /usr/lib/x86_64-linux-gnu may be hidden by files in:
      /home/anthony/anaconda3/lib
    runtime library [libtiff.so.5] in /usr/lib/x86_64-linux-gnu may be hidden by files in:
      /home/anthony/anaconda3/lib
    runtime library [libfreetype.so.6] in /usr/lib/x86_64-linux-gnu may be hidden by files in:
      /home/anthony/anaconda3/lib
    runtime library [libexpat.so.1] in /usr/lib/x86_64-linux-gnu may be hidden by files in:
      /home/anthony/anaconda3/lib
    runtime library [libxml2.so.2] in /usr/lib/x86_64-linux-gnu may be hidden by files in:
      /home/anthony/anaconda3/lib

  Some of these libraries may not be found correctly.


[33m[1mCMake Warning[0m at /home/anthony/ros_ws/src/moveit_tutorials/doc/visualizing_collisions/CMakeLists.txt:1 (add_executable):
  Cannot generate a safe runtime search path for target
  visualizing_collisions_tutorial because files in some directories may
  conflict with libraries in implicit directories:

    runtime library [libz.so.1] in /usr/lib/x86_64-linux-gnu may be hidden by files in:
      /home/anthony/anaconda3/lib
    runtime library [libtiff.so.5] in /usr/lib/x86_64-linux-gnu may be hidden by files in:
      /home/anthony/anaconda3/lib
    runtime library [libfreetype.so.6] in /usr/lib/x86_64-linux-gnu may be hidden by files in:
      /home/anthony/anaconda3/lib
    runtime library [libexpat.so.1] in /usr/lib/x86_64-linux-gnu may be hidden by files in:
      /home/anthony/anaconda3/lib
    runtime library [libxml2.so.2] in /usr/lib/x86_64-linux-gnu may be hidden by files in:
      /home/anthony/anaconda3/lib

  Some of these libraries may not be found correctly.


[33m[1mCMake Warning[0m at /home/anthony/ros_ws/src/moveit_tutorials/doc/move_group_interface/CMakeLists.txt:1 (add_executable):
  Cannot generate a safe runtime search path for target
  move_group_interface_tutorial because files in some directories may
  conflict with libraries in implicit directories:

    runtime library [libz.so.1] in /usr/lib/x86_64-linux-gnu may be hidden by files in:
      /home/anthony/anaconda3/lib
    runtime library [libtiff.so.5] in /usr/lib/x86_64-linux-gnu may be hidden by files in:
      /home/anthony/anaconda3/lib
    runtime library [libfreetype.so.6] in /usr/lib/x86_64-linux-gnu may be hidden by files in:
      /home/anthony/anaconda3/lib
    runtime library [libexpat.so.1] in /usr/lib/x86_64-linux-gnu may be hidden by files in:
      /home/anthony/anaconda3/lib
    runtime library [libxml2.so.2] in /usr/lib/x86_64-linux-gnu may be hidden by files in:
      /home/anthony/anaconda3/lib

  Some of these libraries may not be found correctly.


[33m[1mCMake Warning[0m at /home/anthony/ros_ws/src/moveit_tutorials/doc/state_display/CMakeLists.txt:1 (add_executable):
  Cannot generate a safe runtime search path for target
  state_display_tutorial because files in some directories may conflict with
  libraries in implicit directories:

    runtime library [libz.so.1] in /usr/lib/x86_64-linux-gnu may be hidden by files in:
      /home/anthony/anaconda3/lib
    runtime library [libtiff.so.5] in /usr/lib/x86_64-linux-gnu may be hidden by files in:
      /home/anthony/anaconda3/lib
    runtime library [libfreetype.so.6] in /usr/lib/x86_64-linux-gnu may be hidden by files in:
      /home/anthony/anaconda3/lib
    runtime library [libexpat.so.1] in /usr/lib/x86_64-linux-gnu may be hidden by files in:
      /home/anthony/anaconda3/lib
    runtime library [libxml2.so.2] in /usr/lib/x86_64-linux-gnu may be hidden by files in:
      /home/anthony/anaconda3/lib

  Some of these libraries may not be found correctly.


[33m[1mCMake Warning[0m at /home/anthony/ros_ws/src/moveit_tutorials/doc/interactivity/CMakeLists.txt:3 (add_library):
  Cannot generate a safe runtime search path for target interactivity_utils
  because files in some directories may conflict with libraries in implicit
  directories:

    runtime library [libz.so.1] in /usr/lib/x86_64-linux-gnu may be hidden by files in:
      /home/anthony/anaconda3/lib
    runtime library [libtiff.so.5] in /usr/lib/x86_64-linux-gnu may be hidden by files in:
      /home/anthony/anaconda3/lib
    runtime library [libfreetype.so.6] in /usr/lib/x86_64-linux-gnu may be hidden by files in:
      /home/anthony/anaconda3/lib
    runtime library [libexpat.so.1] in /usr/lib/x86_64-linux-gnu may be hidden by files in:
      /home/anthony/anaconda3/lib
    runtime library [libxml2.so.2] in /usr/lib/x86_64-linux-gnu may be hidden by files in:
      /home/anthony/anaconda3/lib

  Some of these libraries may not be found correctly.


[33m[1mCMake Warning[0m at /home/anthony/ros_ws/src/moveit_tutorials/doc/pick_place/CMakeLists.txt:1 (add_executable):
  Cannot generate a safe runtime search path for target pick_place_tutorial
  because files in some directories may conflict with libraries in implicit
  directories:

    runtime library [libz.so.1] in /usr/lib/x86_64-linux-gnu may be hidden by files in:
      /home/anthony/anaconda3/lib
    runtime library [libtiff.so.5] in /usr/lib/x86_64-linux-gnu may be hidden by files in:
      /home/anthony/anaconda3/lib
    runtime library [libfreetype.so.6] in /usr/lib/x86_64-linux-gnu may be hidden by files in:
      /home/anthony/anaconda3/lib
    runtime library [libexpat.so.1] in /usr/lib/x86_64-linux-gnu may be hidden by files in:
      /home/anthony/anaconda3/lib
    runtime library [libxml2.so.2] in /usr/lib/x86_64-linux-gnu may be hidden by files in:
      /home/anthony/anaconda3/lib

  Some of these libraries may not be found correctly.


[33m[1mCMake Warning[0m at /home/anthony/ros_ws/src/moveit_tutorials/doc/perception_pipeline/CMakeLists.txt:1 (add_executable):
  Cannot generate a safe runtime search path for target cylinder_segment
  because files in some directories may conflict with libraries in implicit
  directories:

    runtime library [libz.so.1] in /usr/lib/x86_64-linux-gnu may be hidden by files in:
      /home/anthony/anaconda3/lib
    runtime library [libtiff.so.5] in /usr/lib/x86_64-linux-gnu may be hidden by files in:
      /home/anthony/anaconda3/lib
    runtime library [libfreetype.so.6] in /usr/lib/x86_64-linux-gnu may be hidden by files in:
      /home/anthony/anaconda3/lib
    runtime library [libexpat.so.1] in /usr/lib/x86_64-linux-gnu may be hidden by files in:
      /home/anthony/anaconda3/lib
    runtime library [libxml2.so.2] in /usr/lib/x86_64-linux-gnu may be hidden by files in:
      /home/anthony/anaconda3/lib

  Some of these libraries may not be found correctly.


[33m[1mCMake Warning[0m at /home/anthony/ros_ws/src/moveit_tutorials/doc/perception_pipeline/CMakeLists.txt:4 (add_executable):
  Cannot generate a safe runtime search path for target
  bag_publisher_maintain_time because files in some directories may conflict
  with libraries in implicit directories:

    runtime library [libz.so.1] in /usr/lib/x86_64-linux-gnu may be hidden by files in:
      /home/anthony/anaconda3/lib
    runtime library [libtiff.so.5] in /usr/lib/x86_64-linux-gnu may be hidden by files in:
      /home/anthony/anaconda3/lib
    runtime library [libfreetype.so.6] in /usr/lib/x86_64-linux-gnu may be hidden by files in:
      /home/anthony/anaconda3/lib
    runtime library [libexpat.so.1] in /usr/lib/x86_64-linux-gnu may be hidden by files in:
      /home/anthony/anaconda3/lib
    runtime library [libxml2.so.2] in /usr/lib/x86_64-linux-gnu may be hidden by files in:
      /home/anthony/anaconda3/lib

  Some of these libraries may not be found correctly.


