[  3%] [32m[1mLinking CXX executable /home/anthony/ros_ws/devel/.private/moveit_tutorials/lib/moveit_tutorials/robot_model_and_robot_state_tutorial[0m
[  7%] [32m[1mLinking CXX executable /home/anthony/ros_ws/devel/.private/moveit_tutorials/lib/moveit_tutorials/ros_api_tutorial[0m
[ 10%] [32m[1mLinking CXX executable /home/anthony/ros_ws/devel/.private/moveit_tutorials/lib/moveit_tutorials/planning_scene_tutorial[0m
[ 14%] [32m[1mLinking CXX executable /home/anthony/ros_ws/devel/.private/moveit_tutorials/lib/moveit_tutorials/move_group_interface_tutorial[0m
[ 17%] [32m[1mLinking CXX executable /home/anthony/ros_ws/devel/.private/moveit_tutorials/lib/moveit_tutorials/planning_scene_ros_api_tutorial[0m
[ 32%] Built target interactivity_utils
[ 35%] [32m[1mLinking CXX executable /home/anthony/ros_ws/devel/.private/moveit_tutorials/lib/moveit_tutorials/motion_planning_api_tutorial[0m
[ 39%] [32m[1mLinking CXX executable /home/anthony/ros_ws/devel/.private/moveit_tutorials/lib/moveit_tutorials/motion_planning_pipeline_tutorial[0m
[ 42%] [32m[1mLinking CXX executable /home/anthony/ros_ws/devel/.private/moveit_tutorials/lib/moveit_tutorials/state_display_tutorial[0m
[ 46%] [32m[1mLinking CXX executable /home/anthony/ros_ws/devel/.private/moveit_tutorials/lib/moveit_tutorials/pick_place_tutorial[0m
/opt/ros/kinetic/lib/libresource_retriever.so: undefined reference to `curl_easy_setopt@CURL_OPENSSL_3'
/opt/ros/kinetic/lib/libresource_retriever.so: undefined reference to `curl_easy_perform@CURL_OPENSSL_3'
/opt/ros/kinetic/lib/libresource_retriever.so: undefined reference to `curl_easy_cleanup@CURL_OPENSSL_3'
/opt/ros/kinetic/lib/libresource_retriever.so: undefined reference to `curl_global_init@CURL_OPENSSL_3'
/opt/ros/kinetic/lib/libresource_retriever.so: undefined reference to `curl_easy_init@CURL_OPENSSL_3'
/opt/ros/kinetic/lib/libresource_retriever.so: undefined reference to `curl_global_cleanup@CURL_OPENSSL_3'
collect2: error: ld returned 1 exit status
doc/planning_scene/CMakeFiles/planning_scene_tutorial.dir/build.make:397: recipe for target '/home/anthony/ros_ws/devel/.private/moveit_tutorials/lib/moveit_tutorials/planning_scene_tutorial' failed
CMakeFiles/Makefile2:4252: recipe for target 'doc/planning_scene/CMakeFiles/planning_scene_tutorial.dir/all' failed
make[2]: *** [/home/anthony/ros_ws/devel/.private/moveit_tutorials/lib/moveit_tutorials/planning_scene_tutorial] Error 1
make[1]: *** [doc/planning_scene/CMakeFiles/planning_scene_tutorial.dir/all] Error 2
make[1]: *** Waiting for unfinished jobs....
/opt/ros/kinetic/lib/libresource_retriever.so: undefined reference to `curl_easy_setopt@CURL_OPENSSL_3'
/opt/ros/kinetic/lib/libresource_retriever.so: undefined reference to `curl_easy_perform@CURL_OPENSSL_3'
/opt/ros/kinetic/lib/libresource_retriever.so: undefined reference to `curl_easy_cleanup@CURL_OPENSSL_3'
/opt/ros/kinetic/lib/libresource_retriever.so: undefined reference to `curl_global_init@CURL_OPENSSL_3'
/opt/ros/kinetic/lib/libresource_retriever.so: undefined reference to `curl_easy_init@CURL_OPENSSL_3'
/opt/ros/kinetic/lib/libresource_retriever.so: undefined reference to `curl_global_cleanup@CURL_OPENSSL_3'
collect2: error: ld returned 1 exit status
make[2]: *** [/home/anthony/ros_ws/devel/.private/moveit_tutorials/lib/moveit_tutorials/ros_api_tutorial] Error 1
make[1]: *** [doc/kinematics/CMakeFiles/ros_api_tutorial.dir/all] Error 2
doc/kinematics/CMakeFiles/ros_api_tutorial.dir/build.make:397: recipe for target '/home/anthony/ros_ws/devel/.private/moveit_tutorials/lib/moveit_tutorials/ros_api_tutorial' failed
CMakeFiles/Makefile2:4124: recipe for target 'doc/kinematics/CMakeFiles/ros_api_tutorial.dir/all' failed
/opt/ros/kinetic/lib/libresource_retriever.so: undefined reference to `curl_easy_setopt@CURL_OPENSSL_3'
/opt/ros/kinetic/lib/libresource_retriever.so: undefined reference to `curl_easy_perform@CURL_OPENSSL_3'
/opt/ros/kinetic/lib/libresource_retriever.so: undefined reference to `curl_easy_cleanup@CURL_OPENSSL_3'
/opt/ros/kinetic/lib/libresource_retriever.so: undefined reference to `curl_global_init@CURL_OPENSSL_3'
/opt/ros/kinetic/lib/libresource_retriever.so: undefined reference to `curl_easy_init@CURL_OPENSSL_3'
/opt/ros/kinetic/lib/libresource_retriever.so: undefined reference to `curl_global_cleanup@CURL_OPENSSL_3'
collect2: error: ld returned 1 exit status
doc/robot_model_and_robot_state/CMakeFiles/robot_model_and_robot_state_tutorial.dir/build.make:397: recipe for target '/home/anthony/ros_ws/devel/.private/moveit_tutorials/lib/moveit_tutorials/robot_model_and_robot_state_tutorial' failed
make[2]: *** [/home/anthony/ros_ws/devel/.private/moveit_tutorials/lib/moveit_tutorials/robot_model_and_robot_state_tutorial] Error 1
CMakeFiles/Makefile2:4179: recipe for target 'doc/robot_model_and_robot_state/CMakeFiles/robot_model_and_robot_state_tutorial.dir/all' failed
make[1]: *** [doc/robot_model_and_robot_state/CMakeFiles/robot_model_and_robot_state_tutorial.dir/all] Error 2
/opt/ros/kinetic/lib/libresource_retriever.so: undefined reference to `curl_easy_setopt@CURL_OPENSSL_3'
/opt/ros/kinetic/lib/libresource_retriever.so: undefined reference to `curl_easy_perform@CURL_OPENSSL_3'
/opt/ros/kinetic/lib/libresource_retriever.so: undefined reference to `curl_easy_cleanup@CURL_OPENSSL_3'
/opt/ros/kinetic/lib/libresource_retriever.so: undefined reference to `curl_global_init@CURL_OPENSSL_3'
/opt/ros/kinetic/lib/libresource_retriever.so: undefined reference to `curl_easy_init@CURL_OPENSSL_3'
/opt/ros/kinetic/lib/libresource_retriever.so: undefined reference to `curl_global_cleanup@CURL_OPENSSL_3'
collect2: error: ld returned 1 exit status
doc/state_display/CMakeFiles/state_display_tutorial.dir/build.make:397: recipe for target '/home/anthony/ros_ws/devel/.private/moveit_tutorials/lib/moveit_tutorials/state_display_tutorial' failed
make[2]: *** [/home/anthony/ros_ws/devel/.private/moveit_tutorials/lib/moveit_tutorials/state_display_tutorial] Error 1
CMakeFiles/Makefile2:4600: recipe for target 'doc/state_display/CMakeFiles/state_display_tutorial.dir/all' failed
make[1]: *** [doc/state_display/CMakeFiles/state_display_tutorial.dir/all] Error 2
/opt/ros/kinetic/lib/libresource_retriever.so: undefined reference to `curl_easy_init@CURL_OPENSSL_3'
/opt/ros/kinetic/lib/libresource_retriever.so: undefined reference to `curl_easy_perform@CURL_OPENSSL_3'
/opt/ros/kinetic/lib/libresource_retriever.so: undefined reference to `curl_easy_setopt@CURL_OPENSSL_3'
/opt/ros/kinetic/lib/libresource_retriever.so: undefined reference to `curl_easy_cleanup@CURL_OPENSSL_3'
/opt/ros/kinetic/lib/libresource_retriever.so: undefined reference to `curl_global_cleanup@CURL_OPENSSL_3'
/home/anthony/anaconda3/lib/libpng16.so.16: undefined reference to `inflateValidate@ZLIB_1.2.9'
/opt/ros/kinetic/lib/libresource_retriever.so: undefined reference to `curl_global_init@CURL_OPENSSL_3'
collect2: error: ld returned 1 exit status
doc/planning_scene_ros_api/CMakeFiles/planning_scene_ros_api_tutorial.dir/build.make:397: recipe for target '/home/anthony/ros_ws/devel/.private/moveit_tutorials/lib/moveit_tutorials/planning_scene_ros_api_tutorial' failed
CMakeFiles/Makefile2:4307: recipe for target 'doc/planning_scene_ros_api/CMakeFiles/planning_scene_ros_api_tutorial.dir/all' failed
make[2]: *** [/home/anthony/ros_ws/devel/.private/moveit_tutorials/lib/moveit_tutorials/planning_scene_ros_api_tutorial] Error 1
make[1]: *** [doc/planning_scene_ros_api/CMakeFiles/planning_scene_ros_api_tutorial.dir/all] Error 2
/opt/ros/kinetic/lib/libresource_retriever.so: undefined reference to `curl_easy_init@CURL_OPENSSL_3'
/opt/ros/kinetic/lib/libresource_retriever.so: undefined reference to `curl_easy_perform@CURL_OPENSSL_3'
/opt/ros/kinetic/lib/libresource_retriever.so: undefined reference to `curl_easy_setopt@CURL_OPENSSL_3'
/opt/ros/kinetic/lib/libresource_retriever.so: undefined reference to `curl_easy_cleanup@CURL_OPENSSL_3'
/opt/ros/kinetic/lib/libresource_retriever.so: undefined reference to `curl_global_cleanup@CURL_OPENSSL_3'
/home/anthony/anaconda3/lib/libpng16.so.16: undefined reference to `inflateValidate@ZLIB_1.2.9'
/opt/ros/kinetic/lib/libresource_retriever.so: undefined reference to `curl_global_init@CURL_OPENSSL_3'
collect2: error: ld returned 1 exit status
doc/motion_planning_pipeline/CMakeFiles/motion_planning_pipeline_tutorial.dir/build.make:397: recipe for target '/home/anthony/ros_ws/devel/.private/moveit_tutorials/lib/moveit_tutorials/motion_planning_pipeline_tutorial' failed
make[2]: *** [/home/anthony/ros_ws/devel/.private/moveit_tutorials/lib/moveit_tutorials/motion_planning_pipeline_tutorial] Error 1
make[1]: *** [doc/motion_planning_pipeline/CMakeFiles/motion_planning_pipeline_tutorial.dir/all] Error 2
CMakeFiles/Makefile2:4417: recipe for target 'doc/motion_planning_pipeline/CMakeFiles/motion_planning_pipeline_tutorial.dir/all' failed
/opt/ros/kinetic/lib/libresource_retriever.so: undefined reference to `curl_easy_init@CURL_OPENSSL_3'
/opt/ros/kinetic/lib/libresource_retriever.so: undefined reference to `curl_easy_perform@CURL_OPENSSL_3'
/opt/ros/kinetic/lib/libresource_retriever.so: undefined reference to `curl_easy_setopt@CURL_OPENSSL_3'
/opt/ros/kinetic/lib/libresource_retriever.so: undefined reference to `curl_easy_cleanup@CURL_OPENSSL_3'
/opt/ros/kinetic/lib/libresource_retriever.so: undefined reference to `curl_global_cleanup@CURL_OPENSSL_3'
/home/anthony/anaconda3/lib/libpng16.so.16: undefined reference to `inflateValidate@ZLIB_1.2.9'
/opt/ros/kinetic/lib/libresource_retriever.so: undefined reference to `curl_global_init@CURL_OPENSSL_3'
collect2: error: ld returned 1 exit status
doc/move_group_interface/CMakeFiles/move_group_interface_tutorial.dir/build.make:397: recipe for target '/home/anthony/ros_ws/devel/.private/moveit_tutorials/lib/moveit_tutorials/move_group_interface_tutorial' failed
make[2]: *** [/home/anthony/ros_ws/devel/.private/moveit_tutorials/lib/moveit_tutorials/move_group_interface_tutorial] Error 1
CMakeFiles/Makefile2:4527: recipe for target 'doc/move_group_interface/CMakeFiles/move_group_interface_tutorial.dir/all' failed
make[1]: *** [doc/move_group_interface/CMakeFiles/move_group_interface_tutorial.dir/all] Error 2
/opt/ros/kinetic/lib/libresource_retriever.so: undefined reference to `curl_easy_setopt@CURL_OPENSSL_3'
/opt/ros/kinetic/lib/libresource_retriever.so: undefined reference to `curl_easy_perform@CURL_OPENSSL_3'
/opt/ros/kinetic/lib/libresource_retriever.so: undefined reference to `curl_easy_cleanup@CURL_OPENSSL_3'
/opt/ros/kinetic/lib/libresource_retriever.so: undefined reference to `curl_global_init@CURL_OPENSSL_3'
/opt/ros/kinetic/lib/libresource_retriever.so: undefined reference to `curl_easy_init@CURL_OPENSSL_3'
/opt/ros/kinetic/lib/libresource_retriever.so: undefined reference to `curl_global_cleanup@CURL_OPENSSL_3'
collect2: error: ld returned 1 exit status
doc/pick_place/CMakeFiles/pick_place_tutorial.dir/build.make:397: recipe for target '/home/anthony/ros_ws/devel/.private/moveit_tutorials/lib/moveit_tutorials/pick_place_tutorial' failed
make[2]: *** [/home/anthony/ros_ws/devel/.private/moveit_tutorials/lib/moveit_tutorials/pick_place_tutorial] Error 1
CMakeFiles/Makefile2:4710: recipe for target 'doc/pick_place/CMakeFiles/pick_place_tutorial.dir/all' failed
make[1]: *** [doc/pick_place/CMakeFiles/pick_place_tutorial.dir/all] Error 2
/opt/ros/kinetic/lib/libresource_retriever.so: undefined reference to `curl_easy_init@CURL_OPENSSL_3'
/opt/ros/kinetic/lib/libresource_retriever.so: undefined reference to `curl_easy_perform@CURL_OPENSSL_3'
/opt/ros/kinetic/lib/libresource_retriever.so: undefined reference to `curl_easy_setopt@CURL_OPENSSL_3'
/opt/ros/kinetic/lib/libresource_retriever.so: undefined reference to `curl_easy_cleanup@CURL_OPENSSL_3'
/opt/ros/kinetic/lib/libresource_retriever.so: undefined reference to `curl_global_cleanup@CURL_OPENSSL_3'
/home/anthony/anaconda3/lib/libpng16.so.16: undefined reference to `inflateValidate@ZLIB_1.2.9'
/opt/ros/kinetic/lib/libresource_retriever.so: undefined reference to `curl_global_init@CURL_OPENSSL_3'
collect2: error: ld returned 1 exit status
doc/motion_planning_api/CMakeFiles/motion_planning_api_tutorial.dir/build.make:397: recipe for target '/home/anthony/ros_ws/devel/.private/moveit_tutorials/lib/moveit_tutorials/motion_planning_api_tutorial' failed
make[2]: *** [/home/anthony/ros_ws/devel/.private/moveit_tutorials/lib/moveit_tutorials/motion_planning_api_tutorial] Error 1
make[1]: *** [doc/motion_planning_api/CMakeFiles/motion_planning_api_tutorial.dir/all] Error 2
CMakeFiles/Makefile2:4362: recipe for target 'doc/motion_planning_api/CMakeFiles/motion_planning_api_tutorial.dir/all' failed
Makefile:138: recipe for target 'all' failed
make: *** [all] Error 2
