[35m[1mScanning dependencies of target robot_model_and_robot_state_tutorial[0m
[35m[1mScanning dependencies of target ros_api_tutorial[0m
[35m[1mScanning dependencies of target planning_scene_ros_api_tutorial[0m
[35m[1mScanning dependencies of target planning_scene_tutorial[0m
[35m[1mScanning dependencies of target motion_planning_pipeline_tutorial[0m
[35m[1mScanning dependencies of target interactivity_utils[0m
[35m[1mScanning dependencies of target motion_planning_api_tutorial[0m
[35m[1mScanning dependencies of target move_group_interface_tutorial[0m
[  3%] [32mBuilding CXX object doc/kinematics/CMakeFiles/ros_api_tutorial.dir/src/ros_api_tutorial.cpp.o[0m
[  7%] [32mBuilding CXX object doc/robot_model_and_robot_state/CMakeFiles/robot_model_and_robot_state_tutorial.dir/src/robot_model_and_robot_state_tutorial.cpp.o[0m
[ 10%] [32mBuilding CXX object doc/planning_scene/CMakeFiles/planning_scene_tutorial.dir/src/planning_scene_tutorial.cpp.o[0m
[ 14%] [32mBuilding CXX object doc/motion_planning_pipeline/CMakeFiles/motion_planning_pipeline_tutorial.dir/src/motion_planning_pipeline_tutorial.cpp.o[0m
[ 17%] [32mBuilding CXX object doc/interactivity/CMakeFiles/interactivity_utils.dir/src/interactive_robot.cpp.o[0m
[ 21%] [32mBuilding CXX object doc/planning_scene_ros_api/CMakeFiles/planning_scene_ros_api_tutorial.dir/src/planning_scene_ros_api_tutorial.cpp.o[0m
[ 25%] [32mBuilding CXX object doc/motion_planning_api/CMakeFiles/motion_planning_api_tutorial.dir/src/motion_planning_api_tutorial.cpp.o[0m
[ 28%] [32mBuilding CXX object doc/move_group_interface/CMakeFiles/move_group_interface_tutorial.dir/src/move_group_interface_tutorial.cpp.o[0m
[35m[1mScanning dependencies of target state_display_tutorial[0m
[ 32%] [32mBuilding CXX object doc/state_display/CMakeFiles/state_display_tutorial.dir/src/state_display_tutorial.cpp.o[0m
[ 35%] [32m[1mLinking CXX executable /home/anthony/ros_ws/devel/.private/moveit_tutorials/lib/moveit_tutorials/planning_scene_tutorial[0m
/opt/ros/kinetic/lib/libresource_retriever.so: undefined reference to `curl_easy_setopt@CURL_OPENSSL_3'
/opt/ros/kinetic/lib/libresource_retriever.so: undefined reference to `curl_easy_perform@CURL_OPENSSL_3'
/opt/ros/kinetic/lib/libresource_retriever.so: undefined reference to `curl_easy_cleanup@CURL_OPENSSL_3'
/opt/ros/kinetic/lib/libresource_retriever.so: undefined reference to `curl_global_init@CURL_OPENSSL_3'
/opt/ros/kinetic/lib/libresource_retriever.so: undefined reference to `curl_easy_init@CURL_OPENSSL_3'
/opt/ros/kinetic/lib/libresource_retriever.so: undefined reference to `curl_global_cleanup@CURL_OPENSSL_3'
collect2: error: ld returned 1 exit status
make[2]: *** [/home/anthony/ros_ws/devel/.private/moveit_tutorials/lib/moveit_tutorials/planning_scene_tutorial] Error 1
make[1]: *** [doc/planning_scene/CMakeFiles/planning_scene_tutorial.dir/all] Error 2
make[1]: *** Waiting for unfinished jobs....
doc/planning_scene/CMakeFiles/planning_scene_tutorial.dir/build.make:397: recipe for target '/home/anthony/ros_ws/devel/.private/moveit_tutorials/lib/moveit_tutorials/planning_scene_tutorial' failed
CMakeFiles/Makefile2:4252: recipe for target 'doc/planning_scene/CMakeFiles/planning_scene_tutorial.dir/all' failed
[ 39%] [32m[1mLinking CXX executable /home/anthony/ros_ws/devel/.private/moveit_tutorials/lib/moveit_tutorials/ros_api_tutorial[0m
[ 42%] [32m[1mLinking CXX executable /home/anthony/ros_ws/devel/.private/moveit_tutorials/lib/moveit_tutorials/robot_model_and_robot_state_tutorial[0m
/opt/ros/kinetic/lib/libresource_retriever.so: undefined reference to `curl_easy_setopt@CURL_OPENSSL_3'
/opt/ros/kinetic/lib/libresource_retriever.so: undefined reference to `curl_easy_perform@CURL_OPENSSL_3'
/opt/ros/kinetic/lib/libresource_retriever.so: undefined reference to `curl_easy_cleanup@CURL_OPENSSL_3'
/opt/ros/kinetic/lib/libresource_retriever.so: undefined reference to `curl_global_init@CURL_OPENSSL_3'
/opt/ros/kinetic/lib/libresource_retriever.so: undefined reference to `curl_easy_init@CURL_OPENSSL_3'
/opt/ros/kinetic/lib/libresource_retriever.so: undefined reference to `curl_global_cleanup@CURL_OPENSSL_3'
collect2: error: ld returned 1 exit status
doc/kinematics/CMakeFiles/ros_api_tutorial.dir/build.make:397: recipe for target '/home/anthony/ros_ws/devel/.private/moveit_tutorials/lib/moveit_tutorials/ros_api_tutorial' failed
CMakeFiles/Makefile2:4124: recipe for target 'doc/kinematics/CMakeFiles/ros_api_tutorial.dir/all' failed
make[2]: *** [/home/anthony/ros_ws/devel/.private/moveit_tutorials/lib/moveit_tutorials/ros_api_tutorial] Error 1
make[1]: *** [doc/kinematics/CMakeFiles/ros_api_tutorial.dir/all] Error 2
/opt/ros/kinetic/lib/libresource_retriever.so: undefined reference to `curl_easy_setopt@CURL_OPENSSL_3'
/opt/ros/kinetic/lib/libresource_retriever.so: undefined reference to `curl_easy_perform@CURL_OPENSSL_3'
/opt/ros/kinetic/lib/libresource_retriever.so: undefined reference to `curl_easy_cleanup@CURL_OPENSSL_3'
/opt/ros/kinetic/lib/libresource_retriever.so: undefined reference to `curl_global_init@CURL_OPENSSL_3'
/opt/ros/kinetic/lib/libresource_retriever.so: undefined reference to `curl_easy_init@CURL_OPENSSL_3'
/opt/ros/kinetic/lib/libresource_retriever.so: undefined reference to `curl_global_cleanup@CURL_OPENSSL_3'
collect2: error: ld returned 1 exit status
doc/robot_model_and_robot_state/CMakeFiles/robot_model_and_robot_state_tutorial.dir/build.make:397: recipe for target '/home/anthony/ros_ws/devel/.private/moveit_tutorials/lib/moveit_tutorials/robot_model_and_robot_state_tutorial' failed
make[2]: *** [/home/anthony/ros_ws/devel/.private/moveit_tutorials/lib/moveit_tutorials/robot_model_and_robot_state_tutorial] Error 1
CMakeFiles/Makefile2:4179: recipe for target 'doc/robot_model_and_robot_state/CMakeFiles/robot_model_and_robot_state_tutorial.dir/all' failed
make[1]: *** [doc/robot_model_and_robot_state/CMakeFiles/robot_model_and_robot_state_tutorial.dir/all] Error 2
[ 46%] [32mBuilding CXX object doc/interactivity/CMakeFiles/interactivity_utils.dir/src/imarker.cpp.o[0m
[ 50%] [32mBuilding CXX object doc/interactivity/CMakeFiles/interactivity_utils.dir/src/pose_string.cpp.o[0m
[ 53%] [32m[1mLinking CXX executable /home/anthony/ros_ws/devel/.private/moveit_tutorials/lib/moveit_tutorials/move_group_interface_tutorial[0m
[ 57%] [32m[1mLinking CXX executable /home/anthony/ros_ws/devel/.private/moveit_tutorials/lib/moveit_tutorials/motion_planning_pipeline_tutorial[0m
[ 60%] [32m[1mLinking CXX executable /home/anthony/ros_ws/devel/.private/moveit_tutorials/lib/moveit_tutorials/motion_planning_api_tutorial[0m
[ 64%] [32m[1mLinking CXX executable /home/anthony/ros_ws/devel/.private/moveit_tutorials/lib/moveit_tutorials/state_display_tutorial[0m
/opt/ros/kinetic/lib/libresource_retriever.so: undefined reference to `curl_easy_init@CURL_OPENSSL_3'
/opt/ros/kinetic/lib/libresource_retriever.so: undefined reference to `curl_easy_perform@CURL_OPENSSL_3'
/opt/ros/kinetic/lib/libresource_retriever.so: undefined reference to `curl_easy_setopt@CURL_OPENSSL_3'
/opt/ros/kinetic/lib/libresource_retriever.so: undefined reference to `curl_easy_cleanup@CURL_OPENSSL_3'
/opt/ros/kinetic/lib/libresource_retriever.so: undefined reference to `curl_global_cleanup@CURL_OPENSSL_3'
/home/anthony/anaconda3/lib/libpng16.so.16: undefined reference to `inflateValidate@ZLIB_1.2.9'
/opt/ros/kinetic/lib/libresource_retriever.so: undefined reference to `curl_global_init@CURL_OPENSSL_3'
collect2: error: ld returned 1 exit status
doc/move_group_interface/CMakeFiles/move_group_interface_tutorial.dir/build.make:397: recipe for target '/home/anthony/ros_ws/devel/.private/moveit_tutorials/lib/moveit_tutorials/move_group_interface_tutorial' failed
make[2]: *** [/home/anthony/ros_ws/devel/.private/moveit_tutorials/lib/moveit_tutorials/move_group_interface_tutorial] Error 1
CMakeFiles/Makefile2:4527: recipe for target 'doc/move_group_interface/CMakeFiles/move_group_interface_tutorial.dir/all' failed
make[1]: *** [doc/move_group_interface/CMakeFiles/move_group_interface_tutorial.dir/all] Error 2
[ 67%] [32m[1mLinking CXX executable /home/anthony/ros_ws/devel/.private/moveit_tutorials/lib/moveit_tutorials/planning_scene_ros_api_tutorial[0m
/opt/ros/kinetic/lib/libresource_retriever.so: undefined reference to `curl_easy_setopt@CURL_OPENSSL_3'
/opt/ros/kinetic/lib/libresource_retriever.so: undefined reference to `curl_easy_perform@CURL_OPENSSL_3'
/opt/ros/kinetic/lib/libresource_retriever.so: undefined reference to `curl_easy_cleanup@CURL_OPENSSL_3'
/opt/ros/kinetic/lib/libresource_retriever.so: undefined reference to `curl_global_init@CURL_OPENSSL_3'
/opt/ros/kinetic/lib/libresource_retriever.so: undefined reference to `curl_easy_init@CURL_OPENSSL_3'
/opt/ros/kinetic/lib/libresource_retriever.so: undefined reference to `curl_global_cleanup@CURL_OPENSSL_3'
collect2: error: ld returned 1 exit status
doc/state_display/CMakeFiles/state_display_tutorial.dir/build.make:397: recipe for target '/home/anthony/ros_ws/devel/.private/moveit_tutorials/lib/moveit_tutorials/state_display_tutorial' failed
CMakeFiles/Makefile2:4600: recipe for target 'doc/state_display/CMakeFiles/state_display_tutorial.dir/all' failed
make[2]: *** [/home/anthony/ros_ws/devel/.private/moveit_tutorials/lib/moveit_tutorials/state_display_tutorial] Error 1
make[1]: *** [doc/state_display/CMakeFiles/state_display_tutorial.dir/all] Error 2
/opt/ros/kinetic/lib/libresource_retriever.so: undefined reference to `curl_easy_init@CURL_OPENSSL_3'
/opt/ros/kinetic/lib/libresource_retriever.so: undefined reference to `curl_easy_perform@CURL_OPENSSL_3'
/opt/ros/kinetic/lib/libresource_retriever.so: undefined reference to `curl_easy_setopt@CURL_OPENSSL_3'
/opt/ros/kinetic/lib/libresource_retriever.so: undefined reference to `curl_easy_cleanup@CURL_OPENSSL_3'
/opt/ros/kinetic/lib/libresource_retriever.so: undefined reference to `curl_global_cleanup@CURL_OPENSSL_3'
/home/anthony/anaconda3/lib/libpng16.so.16: undefined reference to `inflateValidate@ZLIB_1.2.9'
/opt/ros/kinetic/lib/libresource_retriever.so: undefined reference to `curl_global_init@CURL_OPENSSL_3'
collect2: error: ld returned 1 exit status
doc/motion_planning_api/CMakeFiles/motion_planning_api_tutorial.dir/build.make:397: recipe for target '/home/anthony/ros_ws/devel/.private/moveit_tutorials/lib/moveit_tutorials/motion_planning_api_tutorial' failed
CMakeFiles/Makefile2:4362: recipe for target 'doc/motion_planning_api/CMakeFiles/motion_planning_api_tutorial.dir/all' failed
make[2]: *** [/home/anthony/ros_ws/devel/.private/moveit_tutorials/lib/moveit_tutorials/motion_planning_api_tutorial] Error 1
make[1]: *** [doc/motion_planning_api/CMakeFiles/motion_planning_api_tutorial.dir/all] Error 2
/opt/ros/kinetic/lib/libresource_retriever.so: undefined reference to `curl_easy_init@CURL_OPENSSL_3'
/opt/ros/kinetic/lib/libresource_retriever.so: undefined reference to `curl_easy_perform@CURL_OPENSSL_3'
/opt/ros/kinetic/lib/libresource_retriever.so: undefined reference to `curl_easy_setopt@CURL_OPENSSL_3'
/opt/ros/kinetic/lib/libresource_retriever.so: undefined reference to `curl_easy_cleanup@CURL_OPENSSL_3'
/opt/ros/kinetic/lib/libresource_retriever.so: undefined reference to `curl_global_cleanup@CURL_OPENSSL_3'
/home/anthony/anaconda3/lib/libpng16.so.16: undefined reference to `inflateValidate@ZLIB_1.2.9'
/opt/ros/kinetic/lib/libresource_retriever.so: undefined reference to `curl_global_init@CURL_OPENSSL_3'
collect2: error: ld returned 1 exit status
doc/motion_planning_pipeline/CMakeFiles/motion_planning_pipeline_tutorial.dir/build.make:397: recipe for target '/home/anthony/ros_ws/devel/.private/moveit_tutorials/lib/moveit_tutorials/motion_planning_pipeline_tutorial' failed
make[2]: *** [/home/anthony/ros_ws/devel/.private/moveit_tutorials/lib/moveit_tutorials/motion_planning_pipeline_tutorial] Error 1
CMakeFiles/Makefile2:4417: recipe for target 'doc/motion_planning_pipeline/CMakeFiles/motion_planning_pipeline_tutorial.dir/all' failed
make[1]: *** [doc/motion_planning_pipeline/CMakeFiles/motion_planning_pipeline_tutorial.dir/all] Error 2
/opt/ros/kinetic/lib/libresource_retriever.so: undefined reference to `curl_easy_init@CURL_OPENSSL_3'
/opt/ros/kinetic/lib/libresource_retriever.so: undefined reference to `curl_easy_perform@CURL_OPENSSL_3'
/opt/ros/kinetic/lib/libresource_retriever.so: undefined reference to `curl_easy_setopt@CURL_OPENSSL_3'
/opt/ros/kinetic/lib/libresource_retriever.so: undefined reference to `curl_easy_cleanup@CURL_OPENSSL_3'
/opt/ros/kinetic/lib/libresource_retriever.so: undefined reference to `curl_global_cleanup@CURL_OPENSSL_3'
/home/anthony/anaconda3/lib/libpng16.so.16: undefined reference to `inflateValidate@ZLIB_1.2.9'
/opt/ros/kinetic/lib/libresource_retriever.so: undefined reference to `curl_global_init@CURL_OPENSSL_3'
collect2: error: ld returned 1 exit status
doc/planning_scene_ros_api/CMakeFiles/planning_scene_ros_api_tutorial.dir/build.make:397: recipe for target '/home/anthony/ros_ws/devel/.private/moveit_tutorials/lib/moveit_tutorials/planning_scene_ros_api_tutorial' failed
make[2]: *** [/home/anthony/ros_ws/devel/.private/moveit_tutorials/lib/moveit_tutorials/planning_scene_ros_api_tutorial] Error 1
CMakeFiles/Makefile2:4307: recipe for target 'doc/planning_scene_ros_api/CMakeFiles/planning_scene_ros_api_tutorial.dir/all' failed
make[1]: *** [doc/planning_scene_ros_api/CMakeFiles/planning_scene_ros_api_tutorial.dir/all] Error 2
[ 71%] [32m[1mLinking CXX shared library /home/anthony/ros_ws/devel/.private/moveit_tutorials/lib/libinteractivity_utils.so[0m
[ 71%] Built target interactivity_utils
Makefile:138: recipe for target 'all' failed
make: *** [all] Error 2
